<?xml version="1.0" encoding="UTF-8"?>
<!-- Generated by org.testng.reporters.JUnitXMLReporter -->
<testsuite hostname="DESKTOP-UNQCSCA" ignored="2" name="Run Specific Group" tests="7" failures="0" timestamp="2020-01-25T21:00:07 IST" time="10.539" errors="0">
  <testcase name="Browser" time="5.825" classname="module6.Grouping1"/>
  <testcase name="OpenAUT" time="1.745" classname="module6.Grouping1"/>
  <testcase name="ClickRegisterLink" time="0.871" classname="module6.Grouping1"/>
  <testcase name="ClickContactUsLink" time="0.649" classname="module6.Grouping1"/>
  <testcase name="ClickSupportLink" time="0.641" classname="module6.Grouping1"/>
  <testcase name="ClickSignOnLink" time="0.687" classname="module6.Grouping1"/>
  <testcase name="CloseBrowser" time="0.072" classname="module6.Grouping1"/>
  <testcase name="Logout" time="0.0" classname="module6.Grouping1">
    <ignored/>
  </testcase> <!-- Logout -->
  <testcase name="Login" time="0.0" classname="module6.Grouping1">
    <ignored/>
  </testcase> <!-- Login -->
</testsuite> <!-- Run Specific Group -->
