<?xml version="1.0" encoding="UTF-8"?>
<!-- Generated by org.testng.reporters.JUnitXMLReporter -->
<testsuite hostname="DESKTOP-UNQCSCA" ignored="0" name="Default test" tests="10" failures="0" timestamp="2020-02-01T23:22:08 IST" time="53.915" errors="0">
  <testcase name="FormFill" time="5.509" classname="module9.TestCases.DDT"/>
  <testcase name="FormFill" time="5.291" classname="module9.TestCases.DDT"/>
  <testcase name="FormFill" time="5.309" classname="module9.TestCases.DDT"/>
  <testcase name="FormFill" time="5.311" classname="module9.TestCases.DDT"/>
  <testcase name="FormFill" time="5.278" classname="module9.TestCases.DDT"/>
  <testcase name="FormFill" time="5.29" classname="module9.TestCases.DDT"/>
  <testcase name="FormFill" time="5.288" classname="module9.TestCases.DDT"/>
  <testcase name="FormFill" time="5.289" classname="module9.TestCases.DDT"/>
  <testcase name="FormFill" time="5.35" classname="module9.TestCases.DDT"/>
  <testcase name="FormFill" time="5.284" classname="module9.TestCases.DDT"/>
</testsuite> <!-- Default test -->
