<?xml version="1.0" encoding="UTF-8"?>
<!-- Generated by org.testng.reporters.JUnitXMLReporter -->
<testsuite hostname="DESKTOP-UNQCSCA" ignored="0" name="TestingParellelTestExecutionUsingChrome" tests="9" failures="0" timestamp="2020-01-25T22:11:03 IST" time="20.442" errors="0">
  <testcase name="OpenBrowser" time="3.918" classname="module6.GitHubLogin_Parallel"/>
  <testcase name="OpenBrowser" time="5.876" classname="module6.GitHubLogin_Parallel"/>
  <testcase name="OpenAUT" time="2.146" classname="module6.GitHubLogin_Parallel"/>
  <testcase name="OpenAUT" time="4.422" classname="module6.GitHubLogin_Parallel"/>
  <testcase name="Login" time="5.61" classname="module6.GitHubLogin_Parallel"/>
  <testcase name="Login" time="5.471" classname="module6.GitHubLogin_Parallel"/>
  <testcase name="Logout" time="3.144" classname="module6.GitHubLogin_Parallel"/>
  <testcase name="Logout" time="3.476" classname="module6.GitHubLogin_Parallel"/>
  <testcase name="CloseTestCase" time="3.619" classname="module6.GitHubLogin_Parallel"/>
</testsuite> <!-- TestingParellelTestExecutionUsingChrome -->
