<?xml version="1.0" encoding="UTF-8"?>
<testng-results skipped="0" failed="0" ignored="0" total="8" passed="8">
  <reporter-output>
  </reporter-output>
  <suite name="GRID Testing" duration-ms="9356" started-at="2020-01-26T21:23:30 IST" finished-at="2020-01-26T21:23:39 IST">
    <groups>
    </groups>
    <test name="pc1" duration-ms="9133" started-at="2020-01-26T21:23:30 IST" finished-at="2020-01-26T21:23:39 IST">
      <class name="module7.GRIDTest">
        <test-method status="PASS" signature="openBrowser(java.lang.String)[pri:0, instance:module7.GRIDTest@520a3426]" name="openBrowser" duration-ms="6096" started-at="2020-01-26T21:23:30 IST" finished-at="2020-01-26T21:23:36 IST">
          <params>
            <param index="0">
              <value>
                <![CDATA[pc1]]>
              </value>
            </param>
          </params>
          <reporter-output>
          </reporter-output>
        </test-method> <!-- openBrowser -->
        <test-method status="PASS" signature="OpenAUT()[pri:1, instance:module7.GRIDTest@520a3426]" name="OpenAUT" duration-ms="2046" started-at="2020-01-26T21:23:36 IST" finished-at="2020-01-26T21:23:38 IST">
          <reporter-output>
          </reporter-output>
        </test-method> <!-- OpenAUT -->
        <test-method status="PASS" signature="Validate()[pri:2, instance:module7.GRIDTest@520a3426]" name="Validate" duration-ms="57" started-at="2020-01-26T21:23:38 IST" finished-at="2020-01-26T21:23:38 IST">
          <reporter-output>
          </reporter-output>
        </test-method> <!-- Validate -->
        <test-method status="PASS" signature="QuitBrowser()[pri:3, instance:module7.GRIDTest@520a3426]" name="QuitBrowser" duration-ms="894" started-at="2020-01-26T21:23:38 IST" finished-at="2020-01-26T21:23:39 IST">
          <reporter-output>
          </reporter-output>
        </test-method> <!-- QuitBrowser -->
      </class> <!-- module7.GRIDTest -->
    </test> <!-- pc1 -->
    <test name="pc2" duration-ms="9356" started-at="2020-01-26T21:23:30 IST" finished-at="2020-01-26T21:23:39 IST">
      <class name="module7.GRIDTest">
        <test-method status="PASS" signature="openBrowser(java.lang.String)[pri:0, instance:module7.GRIDTest@627551fb]" name="openBrowser" duration-ms="6016" started-at="2020-01-26T21:23:30 IST" finished-at="2020-01-26T21:23:36 IST">
          <params>
            <param index="0">
              <value>
                <![CDATA[pc2]]>
              </value>
            </param>
          </params>
          <reporter-output>
          </reporter-output>
        </test-method> <!-- openBrowser -->
        <test-method status="PASS" signature="OpenAUT()[pri:1, instance:module7.GRIDTest@627551fb]" name="OpenAUT" duration-ms="2380" started-at="2020-01-26T21:23:36 IST" finished-at="2020-01-26T21:23:38 IST">
          <reporter-output>
          </reporter-output>
        </test-method> <!-- OpenAUT -->
        <test-method status="PASS" signature="Validate()[pri:2, instance:module7.GRIDTest@627551fb]" name="Validate" duration-ms="105" started-at="2020-01-26T21:23:38 IST" finished-at="2020-01-26T21:23:38 IST">
          <reporter-output>
          </reporter-output>
        </test-method> <!-- Validate -->
        <test-method status="PASS" signature="QuitBrowser()[pri:3, instance:module7.GRIDTest@627551fb]" name="QuitBrowser" duration-ms="816" started-at="2020-01-26T21:23:38 IST" finished-at="2020-01-26T21:23:39 IST">
          <reporter-output>
          </reporter-output>
        </test-method> <!-- QuitBrowser -->
      </class> <!-- module7.GRIDTest -->
    </test> <!-- pc2 -->
  </suite> <!-- GRID Testing -->
</testng-results>
