<?xml version="1.0" encoding="UTF-8"?>
<!-- Generated by org.testng.reporters.JUnitXMLReporter -->
<testsuite hostname="DESKTOP-UNQCSCA" ignored="0" name="pc1" tests="7" failures="0" timestamp="2020-01-26T21:23:39 IST" time="9.133" errors="0">
  <testcase name="openBrowser" time="6.016" classname="module7.GRIDTest"/>
  <testcase name="openBrowser" time="6.096" classname="module7.GRIDTest"/>
  <testcase name="OpenAUT" time="2.046" classname="module7.GRIDTest"/>
  <testcase name="Validate" time="0.057" classname="module7.GRIDTest"/>
  <testcase name="OpenAUT" time="2.38" classname="module7.GRIDTest"/>
  <testcase name="Validate" time="0.105" classname="module7.GRIDTest"/>
  <testcase name="QuitBrowser" time="0.894" classname="module7.GRIDTest"/>
</testsuite> <!-- pc1 -->
